# JRE version: OpenJDK Runtime Environment Temurin-21.0.12.1+1 (21.0.12.1+1) (build 21.0.12.1+1-LTS)
# Java VM: OpenJDK 64-Bit Server VM Temurin-21.0.12.1+1 (21.0.12.1+1-LTS, mixed mode, sharing, tiered, compressed oops, compressed class ptrs, parallel gc, windows-amd64)
GC Precious Log:
 CardTable entry size: 512
 CPUs: 8 total, 8 available
 Memory: 7418M
 Large Page Support: Disabled
 NUMA Support: Disabled
 Compressed Oops: Enabled (32-bit)
 Alignments: Space 512K, Generation 512K, Heap 2M
 Heap Min Capacity: 100M
 Heap Initial Capacity: 100M
 Heap Max Capacity: 2G
 Pre-touch: Disabled
 Parallel Workers: 8
Heap:
 PSYoungGen      total 15872K, used 1004K [0x00000000d5580000, 0x00000000d6780000, 0x0000000100000000)
  eden space 15360K, 3% used [0x00000000d5580000,0x00000000d5603090,0x00000000d6480000)
  from space 512K, 93% used [0x00000000d6580000,0x00000000d65f8080,0x00000000d6600000)
  to   space 1024K, 0% used [0x00000000d6480000,0x00000000d6480000,0x00000000d6580000)
 ParOldGen       total 1398272K, used 43215K [0x0000000080000000, 0x00000000d5580000, 0x00000000d5580000)
  object space 1398272K, 3% used [0x0000000080000000,0x0000000082a33f40,0x00000000d5580000)
 Metaspace       used 76686K, committed 78272K, reserved 1179648K
  class space    used 8036K, committed 8704K, reserved 1048576K
GC Heap History (20 events):
Event: 504.503 GC heap before
{Heap before GC invocations=82 (full 3):
 PSYoungGen      total 15872K, used 15810K [0x00000000d5580000, 0x00000000d6780000, 0x0000000100000000)
  eden space 14848K, 99% used [0x00000000d5580000,0x00000000d63f3d68,0x00000000d6400000)
  from space 1024K, 98% used [0x00000000d6580000,0x00000000d667cd40,0x00000000d6680000)
  to   space 1536K, 0% used [0x00000000d6400000,0x00000000d6400000,0x00000000d6580000)
 ParOldGen       total 68608K, used 64299K [0x0000000080000000, 0x0000000084300000, 0x00000000d5580000)
  object space 68608K, 93% used [0x0000000080000000,0x0000000083ecac00,0x0000000084300000)
 Metaspace       used 73582K, committed 75072K, reserved 1179648K
  class space    used 7690K, committed 8320K, reserved 1048576K
}
Event: 504.509 GC heap after
{Heap after GC invocations=82 (full 3):
 PSYoungGen      total 16384K, used 944K [0x00000000d5580000, 0x00000000d6700000, 0x0000000100000000)
  eden space 14848K, 0% used [0x00000000d5580000,0x00000000d5580000,0x00000000d6400000)
  from space 1536K, 61% used [0x00000000d6400000,0x00000000d64ec068,0x00000000d6580000)
  to   space 1536K, 0% used [0x00000000d6580000,0x00000000d6580000,0x00000000d6700000)
 ParOldGen       total 68608K, used 65174K [0x0000000080000000, 0x0000000084300000, 0x00000000d5580000)
  object space 68608K, 94% used [0x0000000080000000,0x0000000083fa5868,0x0000000084300000)
 Metaspace       used 73582K, committed 75072K, reserved 1179648K
  class space    used 7690K, committed 8320K, reserved 1048576K
}
Event: 505.874 GC heap before
{Heap before GC invocations=83 (full 3):
 PSYoungGen      total 16384K, used 15792K [0x00000000d5580000, 0x00000000d6700000, 0x0000000100000000)
  eden space 14848K, 100% used [0x00000000d5580000,0x00000000d6400000,0x00000000d6400000)
  from space 1536K, 61% used [0x00000000d6400000,0x00000000d64ec068,0x00000000d6580000)
  to   space 1536K, 0% used [0x00000000d6580000,0x00000000d6580000,0x00000000d6700000)
 ParOldGen       total 68608K, used 65174K [0x0000000080000000, 0x0000000084300000, 0x00000000d5580000)
  object space 68608K, 94% used [0x0000000080000000,0x0000000083fa5868,0x0000000084300000)
 Metaspace       used 73613K, committed 75136K, reserved 1179648K
  class space    used 7690K, committed 8320K, reserved 1048576K
}
Event: 505.876 GC heap after
{Heap after GC invocations=83 (full 3):
 PSYoungGen      total 15872K, used 624K [0x00000000d5580000, 0x00000000d6680000, 0x0000000100000000)
  eden space 14848K, 0% used [0x00000000d5580000,0x00000000d5580000,0x00000000d6400000)
  from space 1024K, 60% used [0x00000000d6580000,0x00000000d661c010,0x00000000d6680000)
  to   space 1024K, 0% used [0x00000000d6480000,0x00000000d6480000,0x00000000d6580000)
 ParOldGen       total 68608K, used 66028K [0x0000000080000000, 0x0000000084300000, 0x00000000d5580000)
  object space 68608K, 96% used [0x0000000080000000,0x000000008407b220,0x0000000084300000)
 Metaspace       used 73613K, committed 75136K, reserved 1179648K
  class space    used 7690K, committed 8320K, reserved 1048576K
}
Event: 506.972 GC heap before
{Heap before GC invocations=84 (full 3):
 PSYoungGen      total 15872K, used 15472K [0x00000000d5580000, 0x00000000d6680000, 0x0000000100000000)
  eden space 14848K, 100% used [0x00000000d5580000,0x00000000d6400000,0x00000000d6400000)
  from space 1024K, 60% used [0x00000000d6580000,0x00000000d661c010,0x00000000d6680000)
  to   space 1024K, 0% used [0x00000000d6480000,0x00000000d6480000,0x00000000d6580000)
 ParOldGen       total 68608K, used 66028K [0x0000000080000000, 0x0000000084300000, 0x00000000d5580000)
  object space 68608K, 96% used [0x0000000080000000,0x000000008407b220,0x0000000084300000)
 Metaspace       used 74728K, committed 76288K, reserved 1179648K
  class space    used 7800K, committed 8448K, reserved 1048576K
}
Event: 506.975 GC heap after
{Heap after GC invocations=84 (full 3):
 PSYoungGen      total 15872K, used 1014K [0x00000000d5580000, 0x00000000d6800000, 0x0000000100000000)
  eden space 14848K, 0% used [0x00000000d5580000,0x00000000d5580000,0x00000000d6400000)
  from space 1024K, 99% used [0x00000000d6480000,0x00000000d657d8a8,0x00000000d6580000)
  to   space 2048K, 0% used [0x00000000d6600000,0x00000000d6600000,0x00000000d6800000)
 ParOldGen       total 68608K, used 66505K [0x0000000080000000, 0x0000000084300000, 0x00000000d5580000)
  object space 68608K, 96% used [0x0000000080000000,0x00000000840f26b0,0x0000000084300000)
 Metaspace       used 74728K, committed 76288K, reserved 1179648K
  class space    used 7800K, committed 8448K, reserved 1048576K
}
Event: 507.373 GC heap before
{Heap before GC invocations=85 (full 3):
 PSYoungGen      total 15872K, used 15862K [0x00000000d5580000, 0x00000000d6800000, 0x0000000100000000)
  eden space 14848K, 100% used [0x00000000d5580000,0x00000000d6400000,0x00000000d6400000)
  from space 1024K, 99% used [0x00000000d6480000,0x00000000d657d8a8,0x00000000d6580000)
  to   space 2048K, 0% used [0x00000000d6600000,0x00000000d6600000,0x00000000d6800000)
 ParOldGen       total 68608K, used 66505K [0x0000000080000000, 0x0000000084300000, 0x00000000d5580000)
  object space 68608K, 96% used [0x0000000080000000,0x00000000840f26b0,0x0000000084300000)
 Metaspace       used 76662K, committed 78208K, reserved 1179648K
  class space    used 8081K, committed 8704K, reserved 1048576K
}
Event: 507.378 GC heap after
{Heap after GC invocations=85 (full 3):
 PSYoungGen      total 16384K, used 1231K [0x00000000d5580000, 0x00000000d6780000, 0x0000000100000000)
  eden space 14848K, 0% used [0x00000000d5580000,0x00000000d5580000,0x00000000d6400000)
  from space 1536K, 80% used [0x00000000d6600000,0x00000000d6733c78,0x00000000d6780000)
  to   space 1536K, 0% used [0x00000000d6480000,0x00000000d6480000,0x00000000d6600000)
 ParOldGen       total 68608K, used 66975K [0x0000000080000000, 0x0000000084300000, 0x00000000d5580000)
  object space 68608K, 97% used [0x0000000080000000,0x0000000084167db8,0x0000000084300000)
 Metaspace       used 76662K, committed 78208K, reserved 1179648K
  class space    used 8081K, committed 8704K, reserved 1048576K
}
Event: 507.537 GC heap before
{Heap before GC invocations=86 (full 3):
 PSYoungGen      total 16384K, used 6717K [0x00000000d5580000, 0x00000000d6780000, 0x0000000100000000)
  eden space 14848K, 36% used [0x00000000d5580000,0x00000000d5adba48,0x00000000d6400000)
  from space 1536K, 80% used [0x00000000d6600000,0x00000000d6733c78,0x00000000d6780000)
  to   space 1536K, 0% used [0x00000000d6480000,0x00000000d6480000,0x00000000d6600000)
 ParOldGen       total 1398272K, used 66975K [0x0000000080000000, 0x00000000d5580000, 0x00000000d5580000)
  object space 1398272K, 4% used [0x0000000080000000,0x0000000084167db8,0x00000000d5580000)
 Metaspace       used 76712K, committed 78272K, reserved 1179648K
  class space    used 8087K, committed 8704K, reserved 1048576K
}
Event: 507.549 GC heap after
{Heap after GC invocations=86 (full 3):
 PSYoungGen      total 15360K, used 288K [0x00000000d5580000, 0x00000000d6680000, 0x0000000100000000)
  eden space 14848K, 0% used [0x00000000d5580000,0x00000000d5580000,0x00000000d6400000)
  from space 512K, 56% used [0x00000000d6480000,0x00000000d64c8000,0x00000000d6500000)
  to   space 1024K, 0% used [0x00000000d6580000,0x00000000d6580000,0x00000000d6680000)
 ParOldGen       total 1398272K, used 67958K [0x0000000080000000, 0x00000000d5580000, 0x00000000d5580000)
  object space 1398272K, 4% used [0x0000000080000000,0x000000008425daf0,0x00000000d5580000)
 Metaspace       used 76712K, committed 78272K, reserved 1179648K
  class space    used 8087K, committed 8704K, reserved 1048576K
}
Event: 507.549 GC heap before
{Heap before GC invocations=87 (full 3):
 PSYoungGen      total 15360K, used 288K [0x00000000d5580000, 0x00000000d6680000, 0x0000000100000000)
  eden space 14848K, 0% used [0x00000000d5580000,0x00000000d5580000,0x00000000d6400000)
  from space 512K, 56% used [0x00000000d6480000,0x00000000d64c8000,0x00000000d6500000)
  to   space 1024K, 0% used [0x00000000d6580000,0x00000000d6580000,0x00000000d6680000)
 ParOldGen       total 1398272K, used 67958K [0x0000000080000000, 0x00000000d5580000, 0x00000000d5580000)
  object space 1398272K, 4% used [0x0000000080000000,0x000000008425daf0,0x00000000d5580000)
 Metaspace       used 76712K, committed 78272K, reserved 1179648K
  class space    used 8087K, committed 8704K, reserved 1048576K
}
Event: 507.551 GC heap after
{Heap after GC invocations=87 (full 3):
 PSYoungGen      total 15360K, used 0K [0x00000000d5580000, 0x00000000d6600000, 0x0000000100000000)
  eden space 14848K, 0% used [0x00000000d5580000,0x00000000d5580000,0x00000000d6400000)
  from space 512K, 0% used [0x00000000d6580000,0x00000000d6580000,0x00000000d6600000)
  to   space 512K, 0% used [0x00000000d6480000,0x00000000d6480000,0x00000000d6500000)
 ParOldGen       total 1398272K, used 68118K [0x0000000080000000, 0x00000000d5580000, 0x00000000d5580000)
  object space 1398272K, 4% used [0x0000000080000000,0x0000000084285b00,0x00000000d5580000)
 Metaspace       used 76712K, committed 78272K, reserved 1179648K
  class space    used 8087K, committed 8704K, reserved 1048576K
}
Event: 507.551 GC heap before
{Heap before GC invocations=88 (full 4):
 PSYoungGen      total 15360K, used 0K [0x00000000d5580000, 0x00000000d6600000, 0x0000000100000000)
  eden space 14848K, 0% used [0x00000000d5580000,0x00000000d5580000,0x00000000d6400000)
  from space 512K, 0% used [0x00000000d6580000,0x00000000d6580000,0x00000000d6600000)
  to   space 512K, 0% used [0x00000000d6480000,0x00000000d6480000,0x00000000d6500000)
 ParOldGen       total 1398272K, used 68118K [0x0000000080000000, 0x00000000d5580000, 0x00000000d5580000)
  object space 1398272K, 4% used [0x0000000080000000,0x0000000084285b00,0x00000000d5580000)
 Metaspace       used 76712K, committed 78272K, reserved 1179648K
  class space    used 8087K, committed 8704K, reserved 1048576K
}
Event: 508.399 GC heap after
{Heap after GC invocations=88 (full 4):
 PSYoungGen      total 15360K, used 0K [0x00000000d5580000, 0x00000000d6600000, 0x0000000100000000)
  eden space 14848K, 0% used [0x00000000d5580000,0x00000000d5580000,0x00000000d6400000)
  from space 512K, 0% used [0x00000000d6480000,0x00000000d6480000,0x00000000d6500000)
  to   space 512K, 0% used [0x00000000d6580000,0x00000000d6580000,0x00000000d6600000)
 ParOldGen       total 74240K, used 48512K [0x0000000080000000, 0x0000000084880000, 0x00000000d5580000)
  object space 74240K, 65% used [0x0000000080000000,0x0000000082f602b8,0x0000000084880000)
 Metaspace       used 76687K, committed 78272K, reserved 1179648K
  class space    used 8080K, committed 8704K, reserved 1048576K
}
Event: 508.404 GC heap before
{Heap before GC invocations=89 (full 4):
 PSYoungGen      total 15360K, used 0K [0x00000000d5580000, 0x00000000d6600000, 0x0000000100000000)
  eden space 14848K, 0% used [0x00000000d5580000,0x00000000d5580000,0x00000000d6400000)
  from space 512K, 0% used [0x00000000d6480000,0x00000000d6480000,0x00000000d6500000)
  to   space 512K, 0% used [0x00000000d6580000,0x00000000d6580000,0x00000000d6600000)
 ParOldGen       total 1398272K, used 48512K [0x0000000080000000, 0x00000000d5580000, 0x00000000d5580000)
  object space 1398272K, 3% used [0x0000000080000000,0x0000000082f602b8,0x00000000d5580000)
 Metaspace       used 76687K, committed 78272K, reserved 1179648K
  class space    used 8080K, committed 8704K, reserved 1048576K
}
Event: 508.405 GC heap after
{Heap after GC invocations=89 (full 4):
 PSYoungGen      total 15360K, used 0K [0x00000000d5580000, 0x00000000d6600000, 0x0000000100000000)
  eden space 14848K, 0% used [0x00000000d5580000,0x00000000d5580000,0x00000000d6400000)
  from space 512K, 0% used [0x00000000d6580000,0x00000000d6580000,0x00000000d6600000)
  to   space 512K, 0% used [0x00000000d6480000,0x00000000d6480000,0x00000000d6500000)
 ParOldGen       total 1398272K, used 48512K [0x0000000080000000, 0x00000000d5580000, 0x00000000d5580000)
  object space 1398272K, 3% used [0x0000000080000000,0x0000000082f602b8,0x00000000d5580000)
 Metaspace       used 76687K, committed 78272K, reserved 1179648K
  class space    used 8080K, committed 8704K, reserved 1048576K
}
Event: 508.405 GC heap before
{Heap before GC invocations=90 (full 5):
 PSYoungGen      total 15360K, used 0K [0x00000000d5580000, 0x00000000d6600000, 0x0000000100000000)
  eden space 14848K, 0% used [0x00000000d5580000,0x00000000d5580000,0x00000000d6400000)
  from space 512K, 0% used [0x00000000d6580000,0x00000000d6580000,0x00000000d6600000)
  to   space 512K, 0% used [0x00000000d6480000,0x00000000d6480000,0x00000000d6500000)
 ParOldGen       total 1398272K, used 48512K [0x0000000080000000, 0x00000000d5580000, 0x00000000d5580000)
  object space 1398272K, 3% used [0x0000000080000000,0x0000000082f602b8,0x00000000d5580000)
 Metaspace       used 76687K, committed 78272K, reserved 1179648K
  class space    used 8080K, committed 8704K, reserved 1048576K
}
Event: 508.659 GC heap after
{Heap after GC invocations=90 (full 5):
 PSYoungGen      total 15872K, used 0K [0x00000000d5580000, 0x00000000d6600000, 0x0000000100000000)
  eden space 15360K, 0% used [0x00000000d5580000,0x00000000d5580000,0x00000000d6480000)
  from space 512K, 0% used [0x00000000d6480000,0x00000000d6480000,0x00000000d6500000)
  to   space 512K, 0% used [0x00000000d6580000,0x00000000d6580000,0x00000000d6600000)
 ParOldGen       total 88576K, used 42855K [0x0000000080000000, 0x0000000085680000, 0x00000000d5580000)
  object space 88576K, 48% used [0x0000000080000000,0x00000000829d9f00,0x0000000085680000)
 Metaspace       used 76349K, committed 78272K, reserved 1179648K
  class space    used 7989K, committed 8704K, reserved 1048576K
}
Event: 509.968 GC heap before
{Heap before GC invocations=91 (full 5):
 PSYoungGen      total 15872K, used 15356K [0x00000000d5580000, 0x00000000d6600000, 0x0000000100000000)
  eden space 15360K, 99% used [0x00000000d5580000,0x00000000d647f2c8,0x00000000d6480000)
  from space 512K, 0% used [0x00000000d6480000,0x00000000d6480000,0x00000000d6500000)
  to   space 512K, 0% used [0x00000000d6580000,0x00000000d6580000,0x00000000d6600000)
 ParOldGen       total 1398272K, used 42855K [0x0000000080000000, 0x00000000d5580000, 0x00000000d5580000)
  object space 1398272K, 3% used [0x0000000080000000,0x00000000829d9f00,0x00000000d5580000)
 Metaspace       used 76628K, committed 78272K, reserved 1179648K
  class space    used 8035K, committed 8704K, reserved 1048576K
}
Event: 509.972 GC heap after
{Heap after GC invocations=91 (full 5):
 PSYoungGen      total 15872K, used 480K [0x00000000d5580000, 0x00000000d6780000, 0x0000000100000000)
  eden space 15360K, 0% used [0x00000000d5580000,0x00000000d5580000,0x00000000d6480000)
  from space 512K, 93% used [0x00000000d6580000,0x00000000d65f8080,0x00000000d6600000)
  to   space 1024K, 0% used [0x00000000d6480000,0x00000000d6480000,0x00000000d6580000)
 ParOldGen       total 1398272K, used 43215K [0x0000000080000000, 0x00000000d5580000, 0x00000000d5580000)
  object space 1398272K, 3% used [0x0000000080000000,0x0000000082a33f40,0x00000000d5580000)
 Metaspace       used 76628K, committed 78272K, reserved 1179648K
  class space    used 8035K, committed 8704K, reserved 1048576K
}

